ERROR main HRVLib_Test - Failed to analysis ibi file
java.lang.ArrayIndexOutOfBoundsException: 1
	at Test.testBitnessIBIFile(Test.java:60)
	at Test.main(Test.java:41)
	at sun.reflect.NativeMethodAccessorImpl.invoke0(Native Method)
	at sun.reflect.NativeMethodAccessorImpl.invoke(NativeMethodAccessorImpl.java:62)
	at sun.reflect.DelegatingMethodAccessorImpl.invoke(DelegatingMethodAccessorImpl.java:43)
	at java.lang.reflect.Method.invoke(Method.java:498)
	at com.intellij.rt.execution.application.AppMain.main(AppMain.java:144)
ERROR main HRVLib_Test - Failed to analysis ibi file
java.lang.ArrayIndexOutOfBoundsException: 1
	at Test.testBitnessIBIFile(Test.java:60)
	at Test.main(Test.java:41)
	at sun.reflect.NativeMethodAccessorImpl.invoke0(Native Method)
	at sun.reflect.NativeMethodAccessorImpl.invoke(NativeMethodAccessorImpl.java:62)
	at sun.reflect.DelegatingMethodAccessorImpl.invoke(DelegatingMethodAccessorImpl.java:43)
	at java.lang.reflect.Method.invoke(Method.java:498)
	at com.intellij.rt.execution.application.AppMain.main(AppMain.java:144)
ERROR main HRVLib_Test - Failed to analysis ibi file
java.lang.ArrayIndexOutOfBoundsException: 1
	at Test.testBitnessIBIFile(Test.java:60)
	at Test.main(Test.java:41)
	at sun.reflect.NativeMethodAccessorImpl.invoke0(Native Method)
	at sun.reflect.NativeMethodAccessorImpl.invoke(NativeMethodAccessorImpl.java:62)
	at sun.reflect.DelegatingMethodAccessorImpl.invoke(DelegatingMethodAccessorImpl.java:43)
	at java.lang.reflect.Method.invoke(Method.java:498)
	at com.intellij.rt.execution.application.AppMain.main(AppMain.java:144)
DEBUG pool-1-thread-1 HRV - GetHRVCoreResult failed
java.lang.NullPointerException: ibi result is illegal
	at com.soarhealth.ecg.hrvlib.HRV.GetBitnessCoreResult(HRV.java:493)
	at com.soarhealth.ecg.hrvlib.HRV.doHrvAnalysis(HRV.java:237)
	at DataImpl.Analysis(DataImpl.java:36)
	at Infit.Data$Processor$Analysis.getResult(Data.java:177)
	at Infit.Data$Processor$Analysis.getResult(Data.java:162)
	at org.apache.thrift.ProcessFunction.process(ProcessFunction.java:39)
	at org.apache.thrift.TBaseProcessor.process(TBaseProcessor.java:39)
	at org.apache.thrift.server.TThreadPoolServer$WorkerProcess.run(TThreadPoolServer.java:286)
	at java.util.concurrent.ThreadPoolExecutor.runWorker(ThreadPoolExecutor.java:1142)
	at java.util.concurrent.ThreadPoolExecutor$Worker.run(ThreadPoolExecutor.java:617)
	at java.lang.Thread.run(Thread.java:748)
ERROR pool-1-thread-4 HRV - Failed to get hrv core result: 
null
The grid vectors must contain unique points.
ERROR pool-1-thread-4 org.apache.thrift.server.TThreadPoolServer - Error occurred during processing of message.
com.google.gson.JsonSyntaxException: com.google.gson.stream.MalformedJsonException: Expected ':' at line 1 column 46 path $.ibiTimePos
	at com.google.gson.Gson.fromJson(Gson.java:902)
	at com.google.gson.Gson.fromJson(Gson.java:852)
	at com.google.gson.Gson.fromJson(Gson.java:801)
	at com.google.gson.Gson.fromJson(Gson.java:773)
	at DataImpl.Analysis(DataImpl.java:22)
	at Infit.Data$Processor$Analysis.getResult(Data.java:177)
	at Infit.Data$Processor$Analysis.getResult(Data.java:162)
	at org.apache.thrift.ProcessFunction.process(ProcessFunction.java:39)
	at org.apache.thrift.TBaseProcessor.process(TBaseProcessor.java:39)
	at org.apache.thrift.server.TThreadPoolServer$WorkerProcess.run(TThreadPoolServer.java:286)
	at java.util.concurrent.ThreadPoolExecutor.runWorker(ThreadPoolExecutor.java:1142)
	at java.util.concurrent.ThreadPoolExecutor$Worker.run(ThreadPoolExecutor.java:617)
	at java.lang.Thread.run(Thread.java:748)
Caused by: com.google.gson.stream.MalformedJsonException: Expected ':' at line 1 column 46 path $.ibiTimePos
	at com.google.gson.stream.JsonReader.syntaxError(JsonReader.java:1559)
	at com.google.gson.stream.JsonReader.doPeek(JsonReader.java:530)
	at com.google.gson.stream.JsonReader.peek(JsonReader.java:425)
	at com.google.gson.internal.bind.ArrayTypeAdapter.read(ArrayTypeAdapter.java:64)
	at com.google.gson.internal.bind.ReflectiveTypeAdapterFactory$1.read(ReflectiveTypeAdapterFactory.java:129)
	at com.google.gson.internal.bind.ReflectiveTypeAdapterFactory$Adapter.read(ReflectiveTypeAdapterFactory.java:220)
	at com.google.gson.Gson.fromJson(Gson.java:887)
	... 12 more
ERROR pool-1-thread-4 org.apache.thrift.server.TThreadPoolServer - Error occurred during processing of message.
com.google.gson.JsonSyntaxException: com.google.gson.stream.MalformedJsonException: Expected ':' at line 1 column 46 path $.ibiTimePos
	at com.google.gson.Gson.fromJson(Gson.java:902)
	at com.google.gson.Gson.fromJson(Gson.java:852)
	at com.google.gson.Gson.fromJson(Gson.java:801)
	at com.google.gson.Gson.fromJson(Gson.java:773)
	at DataImpl.Analysis(DataImpl.java:22)
	at Infit.Data$Processor$Analysis.getResult(Data.java:177)
	at Infit.Data$Processor$Analysis.getResult(Data.java:162)
	at org.apache.thrift.ProcessFunction.process(ProcessFunction.java:39)
	at org.apache.thrift.TBaseProcessor.process(TBaseProcessor.java:39)
	at org.apache.thrift.server.TThreadPoolServer$WorkerProcess.run(TThreadPoolServer.java:286)
	at java.util.concurrent.ThreadPoolExecutor.runWorker(ThreadPoolExecutor.java:1142)
	at java.util.concurrent.ThreadPoolExecutor$Worker.run(ThreadPoolExecutor.java:617)
	at java.lang.Thread.run(Thread.java:748)
Caused by: com.google.gson.stream.MalformedJsonException: Expected ':' at line 1 column 46 path $.ibiTimePos
	at com.google.gson.stream.JsonReader.syntaxError(JsonReader.java:1559)
	at com.google.gson.stream.JsonReader.doPeek(JsonReader.java:530)
	at com.google.gson.stream.JsonReader.peek(JsonReader.java:425)
	at com.google.gson.internal.bind.ArrayTypeAdapter.read(ArrayTypeAdapter.java:64)
	at com.google.gson.internal.bind.ReflectiveTypeAdapterFactory$1.read(ReflectiveTypeAdapterFactory.java:129)
	at com.google.gson.internal.bind.ReflectiveTypeAdapterFactory$Adapter.read(ReflectiveTypeAdapterFactory.java:220)
	at com.google.gson.Gson.fromJson(Gson.java:887)
	... 12 more
ERROR pool-1-thread-1 org.apache.thrift.server.TThreadPoolServer - Error occurred during processing of message.
com.google.gson.JsonSyntaxException: com.google.gson.stream.MalformedJsonException: Expected ':' at line 1 column 46 path $.ibiTimePos
	at com.google.gson.Gson.fromJson(Gson.java:902)
	at com.google.gson.Gson.fromJson(Gson.java:852)
	at com.google.gson.Gson.fromJson(Gson.java:801)
	at com.google.gson.Gson.fromJson(Gson.java:773)
	at DataImpl.Analysis(DataImpl.java:22)
	at Infit.Data$Processor$Analysis.getResult(Data.java:177)
	at Infit.Data$Processor$Analysis.getResult(Data.java:162)
	at org.apache.thrift.ProcessFunction.process(ProcessFunction.java:39)
	at org.apache.thrift.TBaseProcessor.process(TBaseProcessor.java:39)
	at org.apache.thrift.server.TThreadPoolServer$WorkerProcess.run(TThreadPoolServer.java:286)
	at java.util.concurrent.ThreadPoolExecutor.runWorker(ThreadPoolExecutor.java:1142)
	at java.util.concurrent.ThreadPoolExecutor$Worker.run(ThreadPoolExecutor.java:617)
	at java.lang.Thread.run(Thread.java:748)
Caused by: com.google.gson.stream.MalformedJsonException: Expected ':' at line 1 column 46 path $.ibiTimePos
	at com.google.gson.stream.JsonReader.syntaxError(JsonReader.java:1559)
	at com.google.gson.stream.JsonReader.doPeek(JsonReader.java:530)
	at com.google.gson.stream.JsonReader.peek(JsonReader.java:425)
	at com.google.gson.internal.bind.ArrayTypeAdapter.read(ArrayTypeAdapter.java:64)
	at com.google.gson.internal.bind.ReflectiveTypeAdapterFactory$1.read(ReflectiveTypeAdapterFactory.java:129)
	at com.google.gson.internal.bind.ReflectiveTypeAdapterFactory$Adapter.read(ReflectiveTypeAdapterFactory.java:220)
	at com.google.gson.Gson.fromJson(Gson.java:887)
	... 12 more
ERROR pool-1-thread-2 org.apache.thrift.server.TThreadPoolServer - Error occurred during processing of message.
com.google.gson.JsonSyntaxException: com.google.gson.stream.MalformedJsonException: Expected ':' at line 1 column 46 path $.ibiTimePos
	at com.google.gson.Gson.fromJson(Gson.java:902)
	at com.google.gson.Gson.fromJson(Gson.java:852)
	at com.google.gson.Gson.fromJson(Gson.java:801)
	at com.google.gson.Gson.fromJson(Gson.java:773)
	at DataImpl.Analysis(DataImpl.java:22)
	at Infit.Data$Processor$Analysis.getResult(Data.java:177)
	at Infit.Data$Processor$Analysis.getResult(Data.java:162)
	at org.apache.thrift.ProcessFunction.process(ProcessFunction.java:39)
	at org.apache.thrift.TBaseProcessor.process(TBaseProcessor.java:39)
	at org.apache.thrift.server.TThreadPoolServer$WorkerProcess.run(TThreadPoolServer.java:286)
	at java.util.concurrent.ThreadPoolExecutor.runWorker(ThreadPoolExecutor.java:1142)
	at java.util.concurrent.ThreadPoolExecutor$Worker.run(ThreadPoolExecutor.java:617)
	at java.lang.Thread.run(Thread.java:748)
Caused by: com.google.gson.stream.MalformedJsonException: Expected ':' at line 1 column 46 path $.ibiTimePos
	at com.google.gson.stream.JsonReader.syntaxError(JsonReader.java:1559)
	at com.google.gson.stream.JsonReader.doPeek(JsonReader.java:530)
	at com.google.gson.stream.JsonReader.peek(JsonReader.java:425)
	at com.google.gson.internal.bind.ArrayTypeAdapter.read(ArrayTypeAdapter.java:64)
	at com.google.gson.internal.bind.ReflectiveTypeAdapterFactory$1.read(ReflectiveTypeAdapterFactory.java:129)
	at com.google.gson.internal.bind.ReflectiveTypeAdapterFactory$Adapter.read(ReflectiveTypeAdapterFactory.java:220)
	at com.google.gson.Gson.fromJson(Gson.java:887)
	... 12 more
ERROR pool-1-thread-5 org.apache.thrift.server.TThreadPoolServer - Error occurred during processing of message.
java.lang.NullPointerException
	at DataImpl.Analysis(DataImpl.java:28)
	at Infit.Data$Processor$Analysis.getResult(Data.java:177)
	at Infit.Data$Processor$Analysis.getResult(Data.java:162)
	at org.apache.thrift.ProcessFunction.process(ProcessFunction.java:39)
	at org.apache.thrift.TBaseProcessor.process(TBaseProcessor.java:39)
	at org.apache.thrift.server.TThreadPoolServer$WorkerProcess.run(TThreadPoolServer.java:286)
	at java.util.concurrent.ThreadPoolExecutor.runWorker(ThreadPoolExecutor.java:1142)
	at java.util.concurrent.ThreadPoolExecutor$Worker.run(ThreadPoolExecutor.java:617)
	at java.lang.Thread.run(Thread.java:748)
ERROR pool-1-thread-5 org.apache.thrift.server.TThreadPoolServer - Error occurred during processing of message.
java.lang.NullPointerException
	at DataImpl.Analysis(DataImpl.java:28)
	at Infit.Data$Processor$Analysis.getResult(Data.java:177)
	at Infit.Data$Processor$Analysis.getResult(Data.java:162)
	at org.apache.thrift.ProcessFunction.process(ProcessFunction.java:39)
	at org.apache.thrift.TBaseProcessor.process(TBaseProcessor.java:39)
	at org.apache.thrift.server.TThreadPoolServer$WorkerProcess.run(TThreadPoolServer.java:286)
	at java.util.concurrent.ThreadPoolExecutor.runWorker(ThreadPoolExecutor.java:1142)
	at java.util.concurrent.ThreadPoolExecutor$Worker.run(ThreadPoolExecutor.java:617)
	at java.lang.Thread.run(Thread.java:748)
ERROR pool-1-thread-5 org.apache.thrift.server.TThreadPoolServer - Error occurred during processing of message.
java.lang.NullPointerException
	at DataImpl.Analysis(DataImpl.java:28)
	at Infit.Data$Processor$Analysis.getResult(Data.java:177)
	at Infit.Data$Processor$Analysis.getResult(Data.java:162)
	at org.apache.thrift.ProcessFunction.process(ProcessFunction.java:39)
	at org.apache.thrift.TBaseProcessor.process(TBaseProcessor.java:39)
	at org.apache.thrift.server.TThreadPoolServer$WorkerProcess.run(TThreadPoolServer.java:286)
	at java.util.concurrent.ThreadPoolExecutor.runWorker(ThreadPoolExecutor.java:1142)
	at java.util.concurrent.ThreadPoolExecutor$Worker.run(ThreadPoolExecutor.java:617)
	at java.lang.Thread.run(Thread.java:748)
ERROR pool-1-thread-1 HRV - Failed to get hrv core result: 
null

ERROR pool-1-thread-2 HRV - Failed to get hrv core result: 
null

ERROR pool-1-thread-3 HRV - Failed to get hrv core result: 
null

ERROR pool-1-thread-4 HRV - Failed to get hrv core result: 
null

ERROR pool-1-thread-5 HRV - Failed to get hrv core result: 
null

ERROR pool-1-thread-1 HRV - Failed to get hrv core result: 
null

ERROR main HRV - Failed to open norm param file: /data/norm.json
null
/data/norm.json (No such file or directory)
[Ljava.lang.StackTraceElement;@28c97a5
ERROR main HRV - Failed to open norm param file: ../NormalizeParam/norm.json
null
../NormalizeParam/norm.json (No such file or directory)
[Ljava.lang.StackTraceElement;@28c97a5
ERROR main HRV - Failed to open norm param file: ../NormalizeParam/norm.json
null
../NormalizeParam/norm.json (No such file or directory)
[Ljava.lang.StackTraceElement;@28c97a5
ERROR pool-1-thread-1 HRV - Failed to get hrv core result: 
null
Index exceeds matrix dimensions.
ERROR pool-1-thread-1 org.apache.thrift.server.TThreadPoolServer - Error occurred during processing of message.
com.google.gson.JsonSyntaxException: java.lang.IllegalStateException: Expected BEGIN_OBJECT but was STRING at line 1 column 1 path $
	at com.google.gson.internal.bind.ReflectiveTypeAdapterFactory$Adapter.read(ReflectiveTypeAdapterFactory.java:224)
	at com.google.gson.Gson.fromJson(Gson.java:887)
	at com.google.gson.Gson.fromJson(Gson.java:852)
	at com.google.gson.Gson.fromJson(Gson.java:801)
	at com.google.gson.Gson.fromJson(Gson.java:773)
	at DataImpl.Analysis(DataImpl.java:22)
	at Infit.Data$Processor$Analysis.getResult(Data.java:177)
	at Infit.Data$Processor$Analysis.getResult(Data.java:162)
	at org.apache.thrift.ProcessFunction.process(ProcessFunction.java:39)
	at org.apache.thrift.TBaseProcessor.process(TBaseProcessor.java:39)
	at org.apache.thrift.server.TThreadPoolServer$WorkerProcess.run(TThreadPoolServer.java:286)
	at java.util.concurrent.ThreadPoolExecutor.runWorker(ThreadPoolExecutor.java:1142)
	at java.util.concurrent.ThreadPoolExecutor$Worker.run(ThreadPoolExecutor.java:617)
	at java.lang.Thread.run(Thread.java:748)
Caused by: java.lang.IllegalStateException: Expected BEGIN_OBJECT but was STRING at line 1 column 1 path $
	at com.google.gson.stream.JsonReader.beginObject(JsonReader.java:385)
	at com.google.gson.internal.bind.ReflectiveTypeAdapterFactory$Adapter.read(ReflectiveTypeAdapterFactory.java:213)
	... 13 more
ERROR pool-1-thread-2 HRV - Failed to get hrv core result: 
null
NaN's cannot be converted to logicals.
ERROR pool-1-thread-3 HRV - Failed to get hrv core result: 
null
NaN's cannot be converted to logicals.
ERROR pool-1-thread-1 HRV - Failed to get hrv core result: 
null
Index exceeds matrix dimensions.
ERROR main HRV - Failed to open norm param file: /data/norm.json
null
\data\norm.json (系统找不到指定的路径。)
[Ljava.lang.StackTraceElement;@2b71fc7e
ERROR main HRV - Failed to open norm param file: /data/norm.json
null
\data\norm.json (系统找不到指定的路径。)
[Ljava.lang.StackTraceElement;@2b71fc7e
ERROR main HRV - Failed to open norm param file: /data/norm.json
null
\data\norm.json (系统找不到指定的路径。)
[Ljava.lang.StackTraceElement;@2b71fc7e
ERROR main HRV - Failed to open norm param file: /data/norm.json
null
\data\norm.json (系统找不到指定的路径。)
[Ljava.lang.StackTraceElement;@2b71fc7e
ERROR main HRV - Failed to open norm param file: /data/norm.json
null
\data\norm.json (系统找不到指定的路径。)
[Ljava.lang.StackTraceElement;@2b71fc7e
ERROR main HRV - Failed to open norm param file: /data/norm.json
null
\data\norm.json (系统找不到指定的路径。)
[Ljava.lang.StackTraceElement;@2b71fc7e
ERROR main HRV - Failed to open norm param file: /data/norm.json
null
\data\norm.json (系统找不到指定的路径。)
[Ljava.lang.StackTraceElement;@2b71fc7e
ERROR main HRV - Failed to open norm param file: /data/norm.json
null
\data\norm.json (系统找不到指定的路径。)
[Ljava.lang.StackTraceElement;@2b71fc7e
ERROR main HRV - Failed to open norm param file: /data/norm.json
null
\data\norm.json (系统找不到指定的路径。)
[Ljava.lang.StackTraceElement;@2b71fc7e
ERROR main HRV - Failed to open norm param file: /data/norm.json
null
\data\norm.json (系统找不到指定的路径。)
[Ljava.lang.StackTraceElement;@2b71fc7e
ERROR main HRV - Failed to open norm param file: /data/norm.json
null
\data\norm.json (系统找不到指定的路径。)
[Ljava.lang.StackTraceElement;@2b71fc7e
ERROR main HRV - Failed to open norm param file: /data/norm.json
null
\data\norm.json (系统找不到指定的路径。)
[Ljava.lang.StackTraceElement;@2b71fc7e
ERROR main HRV - Failed to open norm param file: ../NormalizeParam/norm.json
Current Absolute Path:C:\dev\Infit\infit-rpc
null
..\NormalizeParam\norm.json (系统找不到指定的路径。)
[Ljava.lang.StackTraceElement;@2b71fc7e
ERROR pool-1-thread-1 HRV - Failed to get hrv core result: 
null
Î޷¨½« NaN ת»
ERROR pool-1-thread-2 HRV - Failed to get hrv core result: 
null
Î޷¨½« NaN ת»
ERROR pool-1-thread-4 HRV - Failed to get hrv core result: 
null
Î޷¨½« NaN ת»
ERROR pool-1-thread-1 HRV - Failed to get hrv core result: 
null
Î޷¨½« NaN ת»
ERROR pool-1-thread-2 HRV - Failed to get hrv core result: 
null
Î޷¨½« NaN ת»
ERROR pool-1-thread-1 HRV - Failed to get hrv core result: 
null
Î޷¨½« NaN ת»
ERROR pool-1-thread-1 HRV - Failed to get hrv core result: 
null
Î޷¨½« NaN ת»
ERROR pool-1-thread-1 HRV - Failed to get hrv core result: 
null
Î޷¨½« NaN ת»
ERROR pool-1-thread-2 HRV - Failed to get hrv core result: 
null
Î޷¨½« NaN ת»
ERROR main HRV - Failed to get hrv core result: 
null
Î޷¨½« NaN ת»
ERROR pool-1-thread-1 HRV - Failed to get hrv core result: 
null
Î޷¨½« NaN ת»
ERROR pool-1-thread-1 HRV - Failed to get hrv core result: 
null
Î޷¨½« NaN ת»
ERROR pool-1-thread-1 HRV - Failed to get hrv core result: 
null
The length of input vector X must at least 17.
ERROR pool-1-thread-2 HRV - Failed to get hrv core result: 
null
The length of input vector X must at least 17.
ERROR pool-1-thread-3 HRV - Failed to get hrv core result: 
null
ÐèҪµÄ X ӦΪ ·
